<?xml version="1.0" encoding="UTF-8"?>
<testng-results ignored="0" total="1" passed="1" failed="0" skipped="0">
  <reporter-output>
  </reporter-output>
  <suite started-at="2024-12-19T22:34:55 IST" name="Default suite" finished-at="2024-12-19T22:35:01 IST" duration-ms="5880">
    <groups>
    </groups>
    <test started-at="2024-12-19T22:34:55 IST" name="Default test" finished-at="2024-12-19T22:35:01 IST" duration-ms="5880">
      <class name="test.LoginTest">
        <test-method signature="LoginTest()[pri:0, instance:test.LoginTest@313ac989]" started-at="2024-12-19T22:34:55 IST" name="LoginTest" finished-at="2024-12-19T22:35:01 IST" duration-ms="5868" status="PASS">
          <reporter-output>
          </reporter-output>
        </test-method> <!-- LoginTest -->
      </class> <!-- test.LoginTest -->
    </test> <!-- Default test -->
  </suite> <!-- Default suite -->
</testng-results>
